[2026-03-22T18:35:14.291Z] [INFO] Created recording directory: C:\Users\DELL\Desktop\ZapLav\recordings
[2026-03-22T18:35:14.296Z] [INFO] Created recording directory: C:\Users\DELL\Desktop\ZapLav\vod
[2026-03-22T18:35:14.304Z] [INFO] Created recording directory: C:\Users\DELL\Desktop\ZapLav\hls
[2026-03-22T18:35:14.305Z] [INFO] ✅ Recording directories initialized
[2026-03-22T18:55:10.310Z] [INFO] ✅ Recording directories initialized
[2026-03-22T18:55:37.623Z] [INFO] ✅ Recording directories initialized
[2026-03-23T09:11:48.265Z] [INFO] ✅ Recording directories initialized
[2026-03-23T09:27:17.080Z] [INFO] ✅ Recording directories initialized
[2026-03-23T09:27:18.779Z] [INFO] ✅ Recording directories initialized
[2026-03-23T09:27:21.132Z] [INFO] ✅ Recording directories initialized
[2026-03-23T09:27:37.473Z] [INFO] ✅ Recording directories initialized
[2026-03-23T09:30:52.083Z] [INFO] ✅ Recording directories initialized
[2026-03-23T09:31:26.627Z] [INFO] ✅ Recording directories initialized
[2026-03-23T09:35:13.957Z] [INFO] ✅ Recording directories initialized
[2026-03-24T07:01:35.178Z] [INFO] Created recording directory: C:\Users\DELL\Desktop\PES\recordings
[2026-03-24T07:01:35.182Z] [INFO] Created recording directory: C:\Users\DELL\Desktop\PES\vod
[2026-03-24T07:01:35.190Z] [INFO] Created recording directory: C:\Users\DELL\Desktop\PES\hls
[2026-03-24T07:01:35.192Z] [INFO] ✅ Recording directories initialized
[2026-03-24T07:58:04.144Z] [INFO] Created recording directory: C:\Users\DELL\Desktop\PES\recordings
[2026-03-24T07:58:04.148Z] [INFO] Created recording directory: C:\Users\DELL\Desktop\PES\vod
[2026-03-24T07:58:04.156Z] [INFO] Created recording directory: C:\Users\DELL\Desktop\PES\hls
[2026-03-24T07:58:04.157Z] [INFO] ✅ Recording directories initialized
[2026-03-25T12:11:13.851Z] [INFO] ✅ Recording directories initialized
[2026-03-25T12:19:28.945Z] [INFO] ✅ Recording directories initialized
[2026-03-25T12:19:40.459Z] [INFO] ✅ Recording directories initialized
[2026-03-25T12:19:43.455Z] [INFO] ✅ Recording directories initialized
[2026-03-25T12:19:45.328Z] [INFO] ✅ Recording directories initialized
[2026-03-25T12:20:32.445Z] [INFO] ✅ Recording directories initialized
[2026-03-25T12:20:34.346Z] [INFO] ✅ Recording directories initialized
[2026-03-25T12:20:37.746Z] [INFO] ✅ Recording directories initialized
[2026-03-25T12:31:59.853Z] [INFO] ✅ Recording directories initialized
[2026-04-02T03:50:05.654Z] [INFO] ✅ Recording directories initialized
[2026-04-02T03:53:39.421Z] [INFO] ✅ Recording directories initialized
[2026-04-05T14:09:11.712Z] [INFO] ✅ Recording directories initialized
[2026-04-05T14:51:33.064Z] [INFO] ✅ Recording directories initialized
[2026-04-05T14:56:25.646Z] [INFO] ✅ Recording directories initialized
[2026-04-05T14:56:53.986Z] [INFO] ✅ Recording directories initialized
[2026-04-05T14:57:00.875Z] [INFO] ✅ Recording directories initialized
[2026-04-05T14:57:10.083Z] [INFO] ✅ Recording directories initialized
[2026-04-05T15:01:31.070Z] [INFO] ✅ Recording directories initialized
[2026-04-05T15:01:41.072Z] [INFO] ✅ Recording directories initialized
[2026-04-05T15:03:40.505Z] [INFO] ✅ Recording directories initialized
[2026-04-05T15:03:42.707Z] [INFO] ✅ Recording directories initialized
[2026-04-05T15:03:50.753Z] [INFO] ✅ Recording directories initialized
[2026-04-05T15:06:48.712Z] [INFO] ✅ Recording directories initialized
[2026-04-05T15:15:22.650Z] [INFO] ✅ Recording directories initialized
[2026-04-05T15:15:47.406Z] [INFO] ✅ Recording directories initialized
[2026-04-05T15:15:53.612Z] [INFO] ✅ Recording directories initialized
[2026-04-05T15:16:55.200Z] [INFO] ✅ Recording directories initialized
[2026-04-05T15:17:38.178Z] [INFO] ✅ Recording directories initialized
[2026-04-05T15:17:59.576Z] [INFO] ✅ Recording directories initialized
[2026-04-05T15:19:06.285Z] [INFO] ✅ Recording directories initialized
[2026-04-05T15:19:23.399Z] [INFO] ✅ Recording directories initialized
[2026-04-05T15:19:29.057Z] [INFO] ✅ Recording directories initialized
[2026-04-05T15:19:50.904Z] [INFO] ✅ Recording directories initialized
[2026-04-05T15:20:58.678Z] [INFO] ✅ Recording directories initialized
[2026-04-05T15:21:04.988Z] [INFO] ✅ Recording directories initialized
[2026-04-05T15:21:17.135Z] [INFO] ✅ Recording directories initialized
[2026-04-05T15:21:30.390Z] [INFO] ✅ Recording directories initialized
[2026-04-05T15:21:40.253Z] [INFO] ✅ Recording directories initialized
[2026-04-05T15:21:52.188Z] [INFO] ✅ Recording directories initialized
[2026-04-05T15:22:11.939Z] [INFO] ✅ Recording directories initialized
[2026-04-05T15:22:36.338Z] [INFO] ✅ Recording directories initialized
[2026-04-05T15:28:47.192Z] [INFO] ✅ Recording directories initialized
[2026-04-05T15:28:57.067Z] [INFO] ✅ Recording directories initialized
[2026-04-05T15:29:00.624Z] [INFO] ✅ Recording directories initialized
[2026-04-05T15:29:05.727Z] [INFO] ✅ Recording directories initialized
[2026-04-05T15:29:14.287Z] [INFO] ✅ Recording directories initialized
[2026-04-05T15:34:35.165Z] [INFO] ✅ Recording directories initialized
[2026-04-05T15:41:31.571Z] [INFO] ✅ Recording directories initialized
[2026-04-05T15:42:02.017Z] [INFO] ✅ Recording directories initialized
[2026-04-06T03:48:55.195Z] [INFO] ✅ Recording directories initialized
[2026-04-06T03:54:47.756Z] [INFO] ✅ Recording directories initialized
[2026-04-06T03:55:46.534Z] [INFO] ✅ Recording directories initialized
[2026-04-06T04:01:40.496Z] [INFO] ✅ Recording directories initialized
[2026-04-06T04:01:40.517Z] [INFO] ✅ Recording directories initialized
[2026-04-06T04:01:48.565Z] [INFO] ✅ Recording directories initialized
[2026-04-06T04:01:48.780Z] [INFO] ✅ Recording directories initialized
[2026-04-06T04:01:52.092Z] [INFO] ✅ Recording directories initialized
[2026-04-06T04:01:52.200Z] [INFO] ✅ Recording directories initialized
[2026-04-06T04:01:56.883Z] [INFO] ✅ Recording directories initialized
[2026-04-06T04:01:57.159Z] [INFO] ✅ Recording directories initialized
[2026-04-06T07:26:24.403Z] [INFO] ✅ Recording directories initialized
[2026-04-06T07:39:58.295Z] [INFO] ✅ Recording directories initialized
[2026-04-06T07:40:47.571Z] [INFO] ✅ Recording directories initialized
[2026-04-06T07:40:49.837Z] [INFO] ✅ Recording directories initialized
[2026-04-06T07:40:52.790Z] [INFO] ✅ Recording directories initialized
[2026-04-06T07:40:55.745Z] [INFO] ✅ Recording directories initialized
[2026-04-06T07:41:00.078Z] [INFO] ✅ Recording directories initialized
[2026-04-06T07:41:05.500Z] [INFO] ✅ Recording directories initialized
[2026-04-06T07:41:15.138Z] [INFO] ✅ Recording directories initialized
[2026-04-06T07:41:17.750Z] [INFO] ✅ Recording directories initialized
[2026-04-06T07:41:21.454Z] [INFO] ✅ Recording directories initialized
[2026-04-06T07:42:58.090Z] [INFO] ✅ Recording directories initialized
[2026-04-06T07:42:59.562Z] [INFO] ✅ Recording directories initialized
[2026-04-06T07:43:03.087Z] [INFO] ✅ Recording directories initialized
[2026-04-06T07:43:04.287Z] [INFO] ✅ Recording directories initialized
[2026-04-06T07:43:06.997Z] [INFO] ✅ Recording directories initialized
[2026-04-06T07:43:28.489Z] [INFO] ✅ Recording directories initialized
[2026-04-06T07:43:43.265Z] [INFO] ✅ Recording directories initialized
[2026-04-06T07:43:45.754Z] [INFO] ✅ Recording directories initialized
[2026-04-06T07:43:47.382Z] [INFO] ✅ Recording directories initialized
[2026-04-06T11:05:09.234Z] [INFO] ✅ Recording directories initialized
[2026-04-06T14:53:54.438Z] [INFO] ✅ Recording directories initialized
[2026-04-06T15:21:00.356Z] [INFO] ✅ Recording directories initialized
[2026-04-06T15:22:06.168Z] [INFO] ✅ Recording directories initialized
[2026-04-06T16:02:09.640Z] [INFO] ✅ Recording directories initialized
[2026-04-06T16:12:47.434Z] [INFO] ✅ Recording directories initialized
[2026-04-06T16:16:41.485Z] [INFO] ✅ Recording directories initialized
[2026-04-06T16:19:20.417Z] [INFO] ✅ Recording directories initialized
[2026-04-06T16:22:24.472Z] [INFO] ✅ Recording directories initialized
[2026-04-06T16:22:42.479Z] [INFO] ✅ Recording directories initialized
[2026-04-06T16:22:48.514Z] [INFO] ✅ Recording directories initialized
[2026-04-06T16:23:46.102Z] [INFO] ✅ Recording directories initialized
[2026-04-06T16:34:13.517Z] [INFO] ✅ Recording directories initialized
